<?xml version="1.0" encoding="UTF-8"?>
<!-- Generated by org.testng.reporters.JUnitReportReporter -->
<testsuite hostname="DESKTOP-U7JVCTB" failures="0" tests="2" name="BDDRunner.BDDRunnerfile" time="8.111" errors="0" timestamp="2024-09-09T20:21:18 IST" skipped="0">
  <testcase classname="BDDRunner.BDDRunnerfile" name="runScenario" time="3.105"/>
  <system-out/>
  <testcase classname="BDDRunner.BDDRunnerfile" name="runScenario" time="5.006"/>
  <system-out/>
</testsuite> <!-- BDDRunner.BDDRunnerfile -->
